SF:lib/main.dart
DA:4,0
DA:5,0
DA:7,0
DA:10,3
DA:12,1
DA:14,1
DA:17,1
DA:18,1
LF:8
LH:5
end_of_record
SF:lib/Homepage/home_page.dart
DA:7,1
DA:9,1
DA:10,1
DA:15,3
DA:16,1
DA:17,1
DA:18,1
DA:20,1
DA:22,1
DA:23,1
DA:24,1
DA:25,1
DA:64,0
DA:65,0
DA:66,0
DA:70,1
DA:72,1
DA:73,1
DA:75,1
DA:76,3
DA:83,1
DA:84,3
DA:86,1
DA:107,1
DA:110,1
LF:25
LH:22
end_of_record
SF:lib/activity/activity_page.dart
DA:4,1
DA:6,0
DA:7,0
DA:15,0
DA:17,0
DA:18,0
DA:20,0
DA:21,0
DA:22,0
DA:23,0
DA:25,0
DA:26,0
DA:35,0
DA:37,0
DA:38,0
DA:39,0
DA:40,0
DA:41,0
DA:43,0
DA:44,0
DA:45,0
DA:46,0
DA:47,0
DA:49,0
DA:50,0
DA:51,0
DA:52,0
LF:27
LH:1
end_of_record
SF:lib/shangjia/offer_page.dart
DA:4,1
DA:6,0
DA:7,0
DA:11,0
LF:4
LH:1
end_of_record
SF:lib/Mysucsa/my_sucsa_page.dart
DA:4,1
DA:6,0
LF:2
LH:1
end_of_record
